<?xml version="1.0" encoding="UTF-8"?>
<!-- Generated by org.testng.reporters.JUnitReportReporter -->
<testsuite hostname="NTBK637000" failures="0" tests="13" name="first_cry.first_cry.purchase" time="21.133" errors="0" timestamp="2025-01-04T11:31:05 IST" skipped="0">
  <testcase classname="first_cry.first_cry.purchase" name="navigate" time="2.641"/>
  <testcase classname="first_cry.first_cry.purchase" name="account" time="1.061"/>
  <testcase classname="first_cry.first_cry.purchase" name="email" time="0.459"/>
  <testcase classname="first_cry.first_cry.purchase" name="password" time="0.260"/>
  <testcase classname="first_cry.first_cry.purchase" name="submit" time="4.239"/>
  <testcase classname="first_cry.first_cry.purchase" name="accessories" time="0.180"/>
  <testcase classname="first_cry.first_cry.purchase" name="ac1" time="2.281"/>
  <testcase classname="first_cry.first_cry.purchase" name="ac21" time="2.145"/>
  <testcase classname="first_cry.first_cry.purchase" name="ac31" time="0.161"/>
  <testcase classname="first_cry.first_cry.purchase" name="ac32" time="0.400"/>
  <testcase classname="first_cry.first_cry.purchase" name="ac33" time="4.387"/>
  <testcase classname="first_cry.first_cry.purchase" name="ac34" time="0.260"/>
  <testcase classname="first_cry.first_cry.purchase" name="ac35" time="2.659"/>
</testsuite> <!-- first_cry.first_cry.purchase -->
