<?xml version="1.0" encoding="UTF-8"?>
<!-- Generated by org.testng.reporters.JUnitReportReporter -->
<testsuite hostname="DESKTOP-RLDAKFQ" failures="0" tests="2" name="FirstCry.Login" time="3.601" errors="0" timestamp="2024-12-30T23:31:12 IST" skipped="1">
  <testcase classname="FirstCry.Login" name="login" time="3.601"/>
  <system-out/>
  <testcase classname="FirstCry.Login" name="account">
    <skipped/>
  </testcase> <!-- account -->
  <system-out/>
</testsuite> <!-- FirstCry.Login -->
