<?xml version="1.0" encoding="UTF-8"?>
<!-- Generated by org.testng.reporters.JUnitReportReporter -->
<testsuite hostname="DESKTOP-QUA52OO" failures="0" tests="4" name="Firstcry.login" time="7.188" errors="0" timestamp="2024-12-25T21:35:27 IST" skipped="0">
  <testcase classname="Firstcry.login" name="account" time="0.942"/>
  <testcase classname="Firstcry.login" name="login_email" time="0.394"/>
  <testcase classname="Firstcry.login" name="login_password" time="0.475"/>
  <testcase classname="Firstcry.login" name="signin" time="5.377"/>
</testsuite> <!-- Firstcry.login -->
