<?xml version="1.0" encoding="UTF-8"?>
<!-- Generated by org.testng.reporters.JUnitReportReporter -->
<testsuite hostname="DESKTOP-C6K58SA" failures="0" tests="9" name="Firstcry.Stroller" time="7.222" errors="0" timestamp="2024-12-25T21:29:48 IST" skipped="0">
  <testcase classname="Firstcry.Stroller" name="account" time="0.228"/>
  <system-out/>
  <testcase classname="Firstcry.Stroller" name="email" time="0.354"/>
  <system-out/>
  <testcase classname="Firstcry.Stroller" name="pass" time="0.133"/>
  <system-out/>
  <testcase classname="Firstcry.Stroller" name="sign" time="2.200"/>
  <system-out/>
  <testcase classname="Firstcry.Stroller" name="stroller" time="0.280"/>
  <system-out/>
  <testcase classname="Firstcry.Stroller" name="babyhug_stroller" time="0.230"/>
  <system-out/>
  <testcase classname="Firstcry.Stroller" name="babyhug_cosycosmo" time="1.025"/>
  <system-out/>
  <testcase classname="Firstcry.Stroller" name="add_tocart" time="2.571"/>
  <system-out/>
  <testcase classname="Firstcry.Stroller" name="proceed_tocheckout" time="0.201"/>
  <system-out/>
</testsuite> <!-- Firstcry.Stroller -->
